2016-12-02 22:59:58 [Thread-4] DEBUG connectK.ConnectK - Player 1 [RNGAI]  says:
2016-12-02 22:59:58 [Thread-4] DEBUG connectK.ConnectK - Player 1 [RNGAI]  returns move 4, 3.
2016-12-02 22:59:58 [Thread-4] DEBUG connectK.ConnectK - Player 2 [AverageAI]  says:
2016-12-02 22:59:58 [Thread-4] DEBUG connectK.ConnectK - Player 2 [AverageAI]  returns move 4, 4.
2016-12-02 22:59:58 [Thread-4] DEBUG connectK.ConnectK - Player 1 [RNGAI]  says:
2016-12-02 22:59:58 [Thread-4] DEBUG connectK.ConnectK - Player 1 [RNGAI]  returns move 5, 4.
2016-12-02 22:59:58 [Thread-4] DEBUG connectK.ConnectK - Player 2 [AverageAI]  says:
2016-12-02 23:00:04 [Thread-4] DEBUG connectK.ConnectK - Player 2 [AverageAI]  returns move 3, 2.
2016-12-02 23:00:04 [Thread-4] DEBUG connectK.ConnectK - Player 1 [RNGAI]  says:
2016-12-02 23:00:10 [Thread-4] DEBUG connectK.ConnectK - Player 1 [RNGAI]  returns move 5, 3.
2016-12-02 23:00:10 [Thread-4] DEBUG connectK.ConnectK - Player 2 [AverageAI]  says:
2016-12-02 23:00:16 [Thread-4] DEBUG connectK.ConnectK - Player 2 [AverageAI]  returns move 3, 3.
2016-12-02 23:00:16 [Thread-4] DEBUG connectK.ConnectK - Player 1 [RNGAI]  says:
2016-12-02 23:00:22 [Thread-4] DEBUG connectK.ConnectK - Player 1 [RNGAI]  returns move 4, 5.
2016-12-02 23:00:22 [Thread-4] DEBUG connectK.ConnectK - Player 2 [AverageAI]  says:
2016-12-02 23:00:28 [Thread-4] DEBUG connectK.ConnectK - Player 2 [AverageAI]  returns move 3, 4.
2016-12-02 23:00:28 [Thread-4] DEBUG connectK.ConnectK - Player 1 [RNGAI]  says:
2016-12-02 23:00:33 [Thread-4] DEBUG connectK.ConnectK - Player 1 [RNGAI]  returns move 3, 1.
2016-12-02 23:00:33 [Thread-4] DEBUG connectK.ConnectK - Player 2 [AverageAI]  says:
2016-12-02 23:00:39 [Thread-4] DEBUG connectK.ConnectK - Player 2 [AverageAI]  returns move 2, 2.
2016-12-02 23:00:39 [Thread-4] DEBUG connectK.ConnectK - Player 1 [RNGAI]  says:
2016-12-02 23:00:45 [Thread-4] DEBUG connectK.ConnectK - Player 1 [RNGAI]  returns move 5, 5.
2016-12-02 23:00:45 [Thread-4] DEBUG connectK.ConnectK - Player 2 [AverageAI]  says:
2016-12-02 23:00:51 [Thread-4] DEBUG connectK.ConnectK - Player 2 [AverageAI]  returns move 5, 2.
2016-12-02 23:00:51 [Thread-4] DEBUG connectK.ConnectK - Player 1 [RNGAI]  says:
2016-12-02 23:00:57 [Thread-4] DEBUG connectK.ConnectK - Player 1 [RNGAI]  returns move 4, 2.
2016-12-02 23:00:57 [Thread-4] DEBUG connectK.ConnectK - Player 2 [AverageAI]  says:
2016-12-02 23:01:03 [Thread-4] DEBUG connectK.ConnectK - Player 2 [AverageAI]  returns move 6, 4.
2016-12-02 23:01:03 [Thread-4] DEBUG connectK.ConnectK - Player 1 [RNGAI]  says:
2016-12-02 23:01:09 [Thread-4] DEBUG connectK.ConnectK - Player 1 [RNGAI]  returns move 3, 6.
2016-12-02 23:01:09 [Thread-4] DEBUG connectK.ConnectK - Player 2 [AverageAI]  says:
2016-12-02 23:01:15 [Thread-4] DEBUG connectK.ConnectK - Player 2 [AverageAI]  returns move 0, 0.
2016-12-02 23:01:15 [Thread-4] DEBUG connectK.ConnectK - Player 1 [RNGAI]  says:
2016-12-02 23:01:21 [Thread-4] DEBUG connectK.ConnectK - Player 1 [RNGAI]  returns move 1, 1.
2016-12-02 23:01:21 [Thread-4] DEBUG connectK.ConnectK - Player 2 [AverageAI]  says:
2016-12-02 23:01:27 [Thread-4] DEBUG connectK.ConnectK - Player 2 [AverageAI]  returns move 6, 5.
2016-12-02 23:01:27 [Thread-4] DEBUG connectK.ConnectK - Player 1 [RNGAI]  says:
2016-12-02 23:01:33 [Thread-4] DEBUG connectK.ConnectK - Player 1 [RNGAI]  returns move 6, 3.
2016-12-02 23:01:33 [Thread-4] DEBUG connectK.ConnectK - Player 2 [AverageAI]  says:
2016-12-02 23:01:38 [Thread-4] DEBUG connectK.ConnectK - Player 2 [AverageAI]  returns move 7, 2.
2016-12-02 23:01:38 [Thread-4] DEBUG connectK.ConnectK - Player 1 [RNGAI]  says:
2016-12-02 23:01:44 [Thread-4] DEBUG connectK.ConnectK - Player 1 [RNGAI]  returns move 7, 3.
2016-12-02 23:01:44 [Thread-4] DEBUG connectK.ConnectK - Player 2 [AverageAI]  says:
2016-12-02 23:01:50 [Thread-4] DEBUG connectK.ConnectK - Player 2 [AverageAI]  returns move 8, 3.
2016-12-02 23:01:50 [Thread-4] DEBUG connectK.ConnectK - Player 1 [RNGAI]  says:
2016-12-02 23:01:56 [Thread-4] DEBUG connectK.ConnectK - Player 1 [RNGAI]  returns move 4, 1.
2016-12-02 23:01:56 [Thread-4] DEBUG connectK.ConnectK - Player 2 [AverageAI]  says:
2016-12-02 23:02:02 [Thread-4] DEBUG connectK.ConnectK - Player 2 [AverageAI]  returns move 2, 1.
2016-12-02 23:02:02 [Thread-4] DEBUG connectK.ConnectK - Player 1 [RNGAI]  says:
2016-12-02 23:02:08 [Thread-4] DEBUG connectK.ConnectK - Player 1 [RNGAI]  returns move 3, 5.
2016-12-02 23:02:08 [Thread-4] DEBUG connectK.ConnectK - Player 2 [AverageAI]  says:
2016-12-02 23:02:14 [Thread-4] DEBUG connectK.ConnectK - Player 2 [AverageAI]  returns move 2, 4.
2016-12-02 23:02:14 [Thread-4] DEBUG connectK.ConnectK - Player 1 [RNGAI]  says:
2016-12-02 23:02:20 [Thread-4] DEBUG connectK.ConnectK - Player 1 [RNGAI]  returns move 2, 5.
2016-12-02 23:02:20 [Thread-4] DEBUG connectK.ConnectK - Player 2 [AverageAI]  says:
2016-12-02 23:02:26 [Thread-4] DEBUG connectK.ConnectK - Player 2 [AverageAI]  returns move 1, 5.
2016-12-02 23:02:26 [Thread-4] DEBUG connectK.ConnectK - Player 1 [RNGAI]  says:
2016-12-02 23:02:32 [Thread-4] DEBUG connectK.ConnectK - Player 1 [RNGAI]  returns move 4, 0.
2016-12-02 23:02:32 [Thread-4] DEBUG connectK.ConnectK - Player 2 [AverageAI]  says:
2016-12-02 23:02:37 [Thread-4] DEBUG connectK.ConnectK - Player 2 [AverageAI]  returns move 2, 3.
2016-12-02 23:02:37 [Thread-4] DEBUG connectK.ConnectK - Player 1 [RNGAI]  says:
2016-12-02 23:02:43 [Thread-4] DEBUG connectK.ConnectK - Player 1 [RNGAI]  returns move 2, 0.
2016-12-02 23:02:43 [Thread-4] DEBUG connectK.ConnectK - Player 2 [AverageAI]  says:
2016-12-02 23:02:49 [Thread-4] DEBUG connectK.ConnectK - Player 2 [AverageAI]  returns move 0, 4.
2016-12-02 23:02:49 [Thread-4] DEBUG connectK.ConnectK - Player 1 [RNGAI]  says:
2016-12-02 23:02:55 [Thread-4] DEBUG connectK.ConnectK - Player 1 [RNGAI]  returns move 1, 4.
2016-12-02 23:02:55 [Thread-4] DEBUG connectK.ConnectK - Player 2 [AverageAI]  says:
2016-12-02 23:03:01 [Thread-4] DEBUG connectK.ConnectK - Player 2 [AverageAI]  returns move 5, 1.
2016-12-02 23:03:01 [Thread-4] DEBUG connectK.ConnectK - Player 1 [RNGAI]  says:
2016-12-02 23:03:07 [Thread-4] DEBUG connectK.ConnectK - Player 1 [RNGAI]  returns move 1, 0.
2016-12-02 23:03:07 [Thread-4] DEBUG connectK.ConnectK - Player 2 [AverageAI]  says:
2016-12-02 23:03:13 [Thread-4] DEBUG connectK.ConnectK - Player 2 [AverageAI]  returns move 1, 3.
2016-12-02 23:03:13 [Thread-4] DEBUG connectK.ConnectK - Player 1 [RNGAI]  says:
2016-12-02 23:03:19 [Thread-4] DEBUG connectK.ConnectK - Player 1 [RNGAI]  returns move 5, 0.
2016-12-02 23:03:19 [Thread-4] DEBUG connectK.ConnectK - Player 2 [AverageAI]  says:
2016-12-02 23:03:25 [Thread-4] DEBUG connectK.ConnectK - Player 2 [AverageAI]  returns move 3, 0.
2016-12-02 23:03:25 [Thread-4] DEBUG connectK.ConnectK - Player 1 [RNGAI]  says:
2016-12-02 23:03:31 [Thread-4] DEBUG connectK.ConnectK - Player 1 [RNGAI]  returns move 5, 6.
2016-12-02 23:03:31 [Thread-4] DEBUG connectK.ConnectK - Player 2 [AverageAI]  says:
2016-12-02 23:03:36 [Thread-4] DEBUG connectK.ConnectK - Player 2 [AverageAI]  returns move 4, 6.
2016-12-02 23:03:36 [Thread-4] DEBUG connectK.ConnectK - Player 1 [RNGAI]  says:
2016-12-02 23:03:42 [Thread-4] DEBUG connectK.ConnectK - Player 1 [RNGAI]  returns move 0, 3.
2016-12-02 23:03:42 [Thread-4] DEBUG connectK.ConnectK - Player 2 [AverageAI]  says:
2016-12-02 23:03:48 [Thread-4] DEBUG connectK.ConnectK - Player 2 [AverageAI]  returns move 6, 0.
2016-12-02 23:03:48 [Thread-4] DEBUG connectK.ConnectK - Player 1 [RNGAI]  says:
2016-12-02 23:03:54 [Thread-4] DEBUG connectK.ConnectK - Player 1 [RNGAI]  returns move 0, 6.
2016-12-02 23:03:54 [Thread-4] DEBUG connectK.ConnectK - Player 2 [AverageAI]  says:
2016-12-02 23:04:00 [Thread-4] DEBUG connectK.ConnectK - Player 2 [AverageAI]  returns move 8, 0.
2016-12-02 23:04:00 [Thread-4] DEBUG connectK.ConnectK - Player 1 [RNGAI]  says:
2016-12-02 23:04:06 [Thread-4] DEBUG connectK.ConnectK - Player 1 [RNGAI]  returns move 8, 2.
2016-12-02 23:04:06 [Thread-4] DEBUG connectK.ConnectK - Player 2 [AverageAI]  says:
2016-12-02 23:04:12 [Thread-4] DEBUG connectK.ConnectK - Player 2 [AverageAI]  returns move 2, 6.
2016-12-02 23:04:12 [Thread-4] DEBUG connectK.ConnectK - Player 1 [RNGAI]  says:
2016-12-02 23:04:18 [Thread-4] DEBUG connectK.ConnectK - Player 1 [RNGAI]  returns move 6, 6.
2016-12-02 23:04:18 [Thread-4] DEBUG connectK.ConnectK - Player 2 [AverageAI]  says:
2016-12-02 23:04:24 [Thread-4] DEBUG connectK.ConnectK - Player 2 [AverageAI]  returns move 6, 1.
2016-12-02 23:04:24 [Thread-4] DEBUG connectK.ConnectK - Player 1 [RNGAI]  says:
2016-12-02 23:04:30 [Thread-4] DEBUG connectK.ConnectK - Player 1 [RNGAI]  returns move 7, 5.
2016-12-02 23:04:30 [Thread-4] DEBUG connectK.ConnectK - Player 2 [AverageAI]  says:
2016-12-02 23:04:36 [Thread-4] DEBUG connectK.ConnectK - Player 2 [AverageAI]  returns move 8, 6.
2016-12-02 23:04:36 [Thread-4] DEBUG connectK.ConnectK - Player 1 [RNGAI]  says:
2016-12-02 23:04:41 [Thread-4] DEBUG connectK.ConnectK - Player 1 [RNGAI]  returns move 8, 4.
2016-12-02 23:04:41 [Thread-4] DEBUG connectK.ConnectK - Player 2 [AverageAI]  says:
2016-12-02 23:05:04 [Thread-4] DEBUG connectK.ConnectK - Player 1 [AverageAI]  says:
2016-12-02 23:05:04 [Thread-4] DEBUG connectK.ConnectK - Player 1 [AverageAI]  returns move 4, 3.
2016-12-02 23:05:04 [Thread-4] DEBUG connectK.ConnectK - Player 2 [RNGAI]  says:
2016-12-02 23:05:04 [Thread-4] DEBUG connectK.ConnectK - Player 2 [RNGAI]  returns move 5, 4.
2016-12-02 23:05:04 [Thread-4] DEBUG connectK.ConnectK - Player 1 [AverageAI]  says:
2016-12-02 23:05:10 [Thread-4] DEBUG connectK.ConnectK - Player 1 [AverageAI]  returns move 4, 4.
2016-12-02 23:05:10 [Thread-4] DEBUG connectK.ConnectK - Player 2 [RNGAI]  says:
2016-12-02 23:05:16 [Thread-4] DEBUG connectK.ConnectK - Player 2 [RNGAI]  returns move 4, 5.
2016-12-02 23:05:16 [Thread-4] DEBUG connectK.ConnectK - Player 1 [AverageAI]  says:
2016-12-02 23:05:22 [Thread-4] DEBUG connectK.ConnectK - Player 1 [AverageAI]  returns move 5, 3.
2016-12-02 23:05:22 [Thread-4] DEBUG connectK.ConnectK - Player 2 [RNGAI]  says:
2016-12-02 23:05:27 [Thread-4] DEBUG connectK.ConnectK - Player 2 [RNGAI]  returns move 6, 3.
2016-12-02 23:05:27 [Thread-4] DEBUG connectK.ConnectK - Player 1 [AverageAI]  says:
2016-12-02 23:05:33 [Thread-4] DEBUG connectK.ConnectK - Player 1 [AverageAI]  returns move 7, 2.
2016-12-02 23:05:33 [Thread-4] DEBUG connectK.ConnectK - Player 2 [RNGAI]  says:
2016-12-02 23:05:39 [Thread-4] DEBUG connectK.ConnectK - Player 2 [RNGAI]  returns move 3, 6.
2016-12-02 23:05:39 [Thread-4] DEBUG connectK.ConnectK - Player 1 [AverageAI]  says:
2016-12-02 23:05:45 [Thread-4] DEBUG connectK.ConnectK - Player 1 [AverageAI]  returns move 6, 2.
2016-12-02 23:05:45 [Thread-4] DEBUG connectK.ConnectK - Player 2 [RNGAI]  says:
2016-12-02 23:05:51 [Thread-4] DEBUG connectK.ConnectK - Player 2 [RNGAI]  returns move 3, 5.
2016-12-02 23:05:51 [Thread-4] DEBUG connectK.ConnectK - Player 1 [AverageAI]  says:
2016-12-02 23:05:57 [Thread-4] DEBUG connectK.ConnectK - Player 1 [AverageAI]  returns move 8, 0.
2016-12-02 23:05:57 [Thread-4] DEBUG connectK.ConnectK - Player 2 [RNGAI]  says:
2016-12-02 23:06:03 [Thread-4] DEBUG connectK.ConnectK - Player 2 [RNGAI]  returns move 7, 1.
2016-12-02 23:06:03 [Thread-4] DEBUG connectK.ConnectK - Player 1 [AverageAI]  says:
2016-12-02 23:06:09 [Thread-4] DEBUG connectK.ConnectK - Player 1 [AverageAI]  returns move 5, 2.
2016-12-02 23:06:09 [Thread-4] DEBUG connectK.ConnectK - Player 2 [RNGAI]  says:
2016-12-02 23:06:15 [Thread-4] DEBUG connectK.ConnectK - Player 2 [RNGAI]  returns move 4, 2.
2016-12-02 23:06:15 [Thread-4] DEBUG connectK.ConnectK - Player 1 [AverageAI]  says:
2016-12-02 23:06:21 [Thread-4] DEBUG connectK.ConnectK - Player 1 [AverageAI]  returns move 3, 4.
2016-12-02 23:06:21 [Thread-4] DEBUG connectK.ConnectK - Player 2 [RNGAI]  says:
2016-12-02 23:06:21 [Thread-4] DEBUG connectK.ConnectK - Player 2 [RNGAI]  returns move 6, 1.
2016-12-02 23:06:21 [Thread-4] DEBUG connectK.ConnectK - Player 1 [AverageAI]  says:
2016-12-02 23:06:27 [Thread-4] DEBUG connectK.ConnectK - Player 1 [AverageAI]  returns move 2, 5.
2016-12-02 23:06:27 [Thread-4] DEBUG connectK.ConnectK - Player 2 [RNGAI]  says:
2016-12-02 23:06:32 [Thread-4] DEBUG connectK.ConnectK - Player 2 [RNGAI]  returns move 1, 6.
2016-12-02 23:06:32 [Thread-4] DEBUG connectK.ConnectK - Player 1 [AverageAI]  says:
2016-12-02 23:06:38 [Thread-4] DEBUG connectK.ConnectK - Player 1 [AverageAI]  returns move 7, 3.
2016-12-02 23:06:38 [Thread-4] DEBUG connectK.ConnectK - Player 2 [RNGAI]  says:
2016-12-02 23:06:44 [Thread-4] DEBUG connectK.ConnectK - Player 2 [RNGAI]  returns move 6, 0.
2016-12-02 23:06:44 [Thread-4] DEBUG connectK.ConnectK - Player 1 [AverageAI]  says:
2016-12-02 23:06:50 [Thread-4] DEBUG connectK.ConnectK - Player 1 [AverageAI]  returns move 5, 1.
2016-12-02 23:06:50 [Thread-4] DEBUG connectK.ConnectK - Player 2 [RNGAI]  says:
2016-12-02 23:06:56 [Thread-4] DEBUG connectK.ConnectK - Player 2 [RNGAI]  returns move 2, 4.
2016-12-02 23:06:56 [Thread-4] DEBUG connectK.ConnectK - Player 1 [AverageAI]  says:
2016-12-02 23:07:02 [Thread-4] DEBUG connectK.ConnectK - Player 1 [AverageAI]  returns move 3, 3.
2016-12-02 23:07:02 [Thread-4] DEBUG connectK.ConnectK - Player 2 [RNGAI]  says:
2016-12-02 23:07:08 [Thread-4] DEBUG connectK.ConnectK - Player 2 [RNGAI]  returns move 4, 6.
2016-12-02 23:07:08 [Thread-4] DEBUG connectK.ConnectK - Player 1 [AverageAI]  says:
2016-12-02 23:07:14 [Thread-4] DEBUG connectK.ConnectK - Player 1 [AverageAI]  returns move 5, 5.
2016-12-02 23:07:14 [Thread-4] DEBUG connectK.ConnectK - Player 2 [RNGAI]  says:
2016-12-02 23:07:14 [Thread-4] DEBUG connectK.ConnectK - Player 2 [RNGAI]  returns move 2, 6.
2016-12-02 23:07:14 [Thread-4] DEBUG connectK.ConnectK - Player 1 [AverageAI]  says:
2016-12-02 23:07:14 [Thread-4] DEBUG connectK.ConnectK - Player 1 [AverageAI]  returns move 5, 6.
2016-12-02 23:07:14 [Thread-4] DEBUG connectK.ConnectK - Player 2 [RNGAI]  says:
2016-12-02 23:07:14 [Thread-4] DEBUG connectK.ConnectK - Player 2 [RNGAI]  returns move 0, 6.
2016-12-02 23:07:14 [Thread-4] DEBUG connectK.ConnectK - Player 2 [RNGAI]  (RNGAI) wins!
2016-12-03 21:15:07 [Thread-4] DEBUG connectK.ConnectK - Player 1 [AverageAI]  says:
2016-12-03 21:15:07 [Thread-4] DEBUG connectK.ConnectK - Player 1 [AverageAI]  returns move 4, 3.
2016-12-03 21:15:07 [Thread-4] DEBUG connectK.ConnectK - Player 2 [RNGAI]  says:
2016-12-03 21:15:07 [Thread-4] DEBUG connectK.ConnectK - Player 2 [RNGAI]  returns move 5, 4.
2016-12-03 21:15:07 [Thread-4] DEBUG connectK.ConnectK - Player 1 [AverageAI]  says:
2016-12-03 21:15:13 [Thread-4] DEBUG connectK.ConnectK - Player 1 [AverageAI]  returns move 4, 4.
2016-12-03 21:15:13 [Thread-4] DEBUG connectK.ConnectK - Player 2 [RNGAI]  says:
2016-12-03 21:15:19 [Thread-4] DEBUG connectK.ConnectK - Player 2 [RNGAI]  returns move 4, 5.
2016-12-03 21:15:19 [Thread-4] DEBUG connectK.ConnectK - Player 1 [AverageAI]  says:
2016-12-03 21:15:25 [Thread-4] DEBUG connectK.ConnectK - Player 1 [AverageAI]  returns move 5, 3.
2016-12-03 21:15:25 [Thread-4] DEBUG connectK.ConnectK - Player 2 [RNGAI]  says:
2016-12-03 21:15:31 [Thread-4] DEBUG connectK.ConnectK - Player 2 [RNGAI]  returns move 6, 3.
2016-12-03 21:15:31 [Thread-4] DEBUG connectK.ConnectK - Player 1 [AverageAI]  says:
2016-12-03 21:15:36 [Thread-4] DEBUG connectK.ConnectK - Player 1 [AverageAI]  returns move 7, 2.
2016-12-03 21:15:36 [Thread-4] DEBUG connectK.ConnectK - Player 2 [RNGAI]  says:
2016-12-03 21:15:42 [Thread-4] DEBUG connectK.ConnectK - Player 2 [RNGAI]  returns move 3, 6.
2016-12-03 21:15:42 [Thread-4] DEBUG connectK.ConnectK - Player 1 [AverageAI]  says:
2016-12-03 21:15:48 [Thread-4] DEBUG connectK.ConnectK - Player 1 [AverageAI]  returns move 6, 2.
2016-12-03 21:15:48 [Thread-4] DEBUG connectK.ConnectK - Player 2 [RNGAI]  says:
2016-12-03 21:15:54 [Thread-4] DEBUG connectK.ConnectK - Player 2 [RNGAI]  returns move 3, 5.
2016-12-03 21:15:54 [Thread-4] DEBUG connectK.ConnectK - Player 1 [AverageAI]  says:
2016-12-03 21:16:00 [Thread-4] DEBUG connectK.ConnectK - Player 1 [AverageAI]  returns move 8, 0.
2016-12-03 21:16:00 [Thread-4] DEBUG connectK.ConnectK - Player 2 [RNGAI]  says:
2016-12-03 21:16:06 [Thread-4] DEBUG connectK.ConnectK - Player 2 [RNGAI]  returns move 7, 1.
2016-12-03 21:16:06 [Thread-4] DEBUG connectK.ConnectK - Player 1 [AverageAI]  says:
2016-12-03 21:16:12 [Thread-4] DEBUG connectK.ConnectK - Player 1 [AverageAI]  returns move 5, 2.
2016-12-03 21:16:12 [Thread-4] DEBUG connectK.ConnectK - Player 2 [RNGAI]  says:
2016-12-03 21:16:18 [Thread-4] DEBUG connectK.ConnectK - Player 2 [RNGAI]  returns move 4, 2.
2016-12-03 21:16:18 [Thread-4] DEBUG connectK.ConnectK - Player 1 [AverageAI]  says:
2016-12-03 21:16:24 [Thread-4] DEBUG connectK.ConnectK - Player 1 [AverageAI]  returns move 3, 4.
2016-12-03 21:16:24 [Thread-4] DEBUG connectK.ConnectK - Player 2 [RNGAI]  says:
2016-12-03 21:16:24 [Thread-4] DEBUG connectK.ConnectK - Player 2 [RNGAI]  returns move 6, 1.
2016-12-03 21:16:24 [Thread-4] DEBUG connectK.ConnectK - Player 1 [AverageAI]  says:
2016-12-03 21:16:30 [Thread-4] DEBUG connectK.ConnectK - Player 1 [AverageAI]  returns move 2, 5.
2016-12-03 21:16:30 [Thread-4] DEBUG connectK.ConnectK - Player 2 [RNGAI]  says:
2016-12-03 21:16:36 [Thread-4] DEBUG connectK.ConnectK - Player 2 [RNGAI]  returns move 1, 6.
2016-12-03 21:16:36 [Thread-4] DEBUG connectK.ConnectK - Player 1 [AverageAI]  says:
2016-12-03 21:16:41 [Thread-4] DEBUG connectK.ConnectK - Player 1 [AverageAI]  returns move 2, 4.
2016-12-03 21:16:41 [Thread-4] DEBUG connectK.ConnectK - Player 2 [RNGAI]  says:
2016-12-03 21:16:47 [Thread-4] DEBUG connectK.ConnectK - Player 2 [RNGAI]  returns move 3, 3.
2016-12-03 21:16:47 [Thread-4] DEBUG connectK.ConnectK - Player 1 [AverageAI]  says:
2016-12-03 21:16:53 [Thread-4] DEBUG connectK.ConnectK - Player 1 [AverageAI]  returns move 2, 3.
2016-12-03 21:16:53 [Thread-4] DEBUG connectK.ConnectK - Player 2 [RNGAI]  says:
2016-12-03 21:16:59 [Thread-4] DEBUG connectK.ConnectK - Player 2 [RNGAI]  returns move 2, 2.
2016-12-03 21:16:59 [Thread-4] DEBUG connectK.ConnectK - Player 1 [AverageAI]  says:
2016-12-03 21:17:05 [Thread-4] DEBUG connectK.ConnectK - Player 1 [AverageAI]  returns move 1, 4.
2016-12-03 21:17:05 [Thread-4] DEBUG connectK.ConnectK - Player 2 [RNGAI]  says:
2016-12-03 21:17:11 [Thread-4] DEBUG connectK.ConnectK - Player 2 [RNGAI]  returns move 0, 4.
2016-12-03 21:17:11 [Thread-4] DEBUG connectK.ConnectK - Player 1 [AverageAI]  says:
2016-12-03 21:17:17 [Thread-4] DEBUG connectK.ConnectK - Player 1 [AverageAI]  returns move 3, 2.
2016-12-03 21:17:17 [Thread-4] DEBUG connectK.ConnectK - Player 2 [RNGAI]  says:
2016-12-03 21:17:23 [Thread-4] DEBUG connectK.ConnectK - Player 2 [RNGAI]  returns move 4, 1.
2016-12-03 21:17:23 [Thread-4] DEBUG connectK.ConnectK - Player 1 [AverageAI]  says:
2016-12-03 21:17:29 [Thread-4] DEBUG connectK.ConnectK - Player 1 [AverageAI]  returns move 3, 1.
2016-12-03 21:17:29 [Thread-4] DEBUG connectK.ConnectK - Player 2 [RNGAI]  says:
2016-12-03 21:17:35 [Thread-4] DEBUG connectK.ConnectK - Player 2 [RNGAI]  returns move 5, 1.
2016-12-03 21:17:35 [Thread-4] DEBUG connectK.ConnectK - Player 1 [AverageAI]  says:
2016-12-03 21:17:41 [Thread-4] DEBUG connectK.ConnectK - Player 1 [AverageAI]  returns move 8, 1.
2016-12-03 21:17:41 [Thread-4] DEBUG connectK.ConnectK - Player 2 [RNGAI]  says:
2016-12-03 21:17:46 [Thread-4] DEBUG connectK.ConnectK - Player 2 [RNGAI]  returns move 8, 2.
2016-12-03 21:17:46 [Thread-4] DEBUG connectK.ConnectK - Player 1 [AverageAI]  says:
2016-12-03 21:17:52 [Thread-4] DEBUG connectK.ConnectK - Player 1 [AverageAI]  returns move 4, 0.
2016-12-03 21:17:52 [Thread-4] DEBUG connectK.ConnectK - Player 2 [RNGAI]  says:
2016-12-03 21:17:58 [Thread-4] DEBUG connectK.ConnectK - Player 2 [RNGAI]  returns move 0, 5.
2016-12-03 21:17:58 [Thread-4] DEBUG connectK.ConnectK - Player 1 [AverageAI]  says:
2016-12-03 21:18:04 [Thread-4] DEBUG connectK.ConnectK - Player 1 [AverageAI]  returns move 5, 5.
2016-12-03 21:18:04 [Thread-4] DEBUG connectK.ConnectK - Player 2 [RNGAI]  says:
2016-12-03 21:18:10 [Thread-4] DEBUG connectK.ConnectK - Player 2 [RNGAI]  returns move 0, 6.
2016-12-03 21:18:10 [Thread-4] DEBUG connectK.ConnectK - Player 1 [AverageAI]  says:
2016-12-03 21:18:16 [Thread-4] DEBUG connectK.ConnectK - Player 1 [AverageAI]  returns move 5, 0.
2016-12-03 21:18:16 [Thread-4] DEBUG connectK.ConnectK - Player 2 [RNGAI]  says:
2016-12-03 21:18:22 [Thread-4] DEBUG connectK.ConnectK - Player 2 [RNGAI]  returns move 4, 6.
2016-12-03 21:18:22 [Thread-4] DEBUG connectK.ConnectK - Player 1 [AverageAI]  says:
2016-12-03 21:18:28 [Thread-4] DEBUG connectK.ConnectK - Player 1 [AverageAI]  returns move 2, 6.
2016-12-03 21:18:28 [Thread-4] DEBUG connectK.ConnectK - Player 2 [RNGAI]  says:
2016-12-03 21:18:34 [Thread-4] DEBUG connectK.ConnectK - Player 2 [RNGAI]  returns move 0, 3.
2016-12-03 21:18:34 [Thread-4] DEBUG connectK.ConnectK - Player 1 [AverageAI]  says:
2016-12-03 21:18:40 [Thread-4] DEBUG connectK.ConnectK - Player 1 [AverageAI]  returns move 0, 2.
2016-12-03 21:18:40 [Thread-4] DEBUG connectK.ConnectK - Player 2 [RNGAI]  says:
2016-12-03 21:18:45 [Thread-4] DEBUG connectK.ConnectK - Player 2 [RNGAI]  returns move 6, 6.
2016-12-03 21:18:45 [Thread-4] DEBUG connectK.ConnectK - Player 1 [AverageAI]  says:
2016-12-03 21:18:51 [Thread-4] DEBUG connectK.ConnectK - Player 1 [AverageAI]  returns move 3, 0.
2016-12-03 21:18:51 [Thread-4] DEBUG connectK.ConnectK - Player 2 [RNGAI]  says:
2016-12-03 21:18:57 [Thread-4] DEBUG connectK.ConnectK - Player 2 [RNGAI]  returns move 2, 0.
2016-12-03 21:18:57 [Thread-4] DEBUG connectK.ConnectK - Player 1 [AverageAI]  says:
2016-12-03 21:19:03 [Thread-4] DEBUG connectK.ConnectK - Player 1 [AverageAI]  returns move 7, 0.
2016-12-03 21:19:03 [Thread-4] DEBUG connectK.ConnectK - Player 2 [RNGAI]  says:
2016-12-03 21:19:09 [Thread-4] DEBUG connectK.ConnectK - Player 2 [RNGAI]  returns move 6, 0.
2016-12-03 21:19:09 [Thread-4] DEBUG connectK.ConnectK - Player 1 [AverageAI]  says:
2016-12-03 21:19:15 [Thread-4] DEBUG connectK.ConnectK - Player 1 [AverageAI]  returns move 1, 1.
2016-12-03 21:19:15 [Thread-4] DEBUG connectK.ConnectK - Player 2 [RNGAI]  says:
2016-12-03 21:19:21 [Thread-4] DEBUG connectK.ConnectK - Player 2 [RNGAI]  returns move 7, 6.
2016-12-03 21:19:21 [Thread-4] DEBUG connectK.ConnectK - Player 1 [AverageAI]  says:
2016-12-03 21:19:27 [Thread-4] DEBUG connectK.ConnectK - Player 1 [AverageAI]  returns move 5, 6.
2016-12-03 21:19:27 [Thread-4] DEBUG connectK.ConnectK - Player 2 [RNGAI]  says:
2016-12-03 21:19:33 [Thread-4] DEBUG connectK.ConnectK - Player 2 [RNGAI]  returns move 1, 2.
2016-12-03 21:19:33 [Thread-4] DEBUG connectK.ConnectK - Player 1 [AverageAI]  says:
2016-12-03 21:19:39 [Thread-4] DEBUG connectK.ConnectK - Player 1 [AverageAI]  returns move 2, 1.
2016-12-03 21:19:39 [Thread-4] DEBUG connectK.ConnectK - Player 2 [RNGAI]  says:
2016-12-03 21:19:44 [Thread-4] DEBUG connectK.ConnectK - Player 2 [RNGAI]  returns move 6, 5.
2016-12-03 21:19:44 [Thread-4] DEBUG connectK.ConnectK - Player 1 [AverageAI]  says:
2016-12-03 21:19:50 [Thread-4] DEBUG connectK.ConnectK - Player 1 [AverageAI]  returns move 8, 6.
2016-12-03 21:19:50 [Thread-4] DEBUG connectK.ConnectK - Player 2 [RNGAI]  says:
2016-12-03 21:19:56 [Thread-4] DEBUG connectK.ConnectK - Player 2 [RNGAI]  returns move 6, 4.
2016-12-03 21:19:56 [Thread-4] DEBUG connectK.ConnectK - Player 1 [AverageAI]  says:
2016-12-03 21:20:02 [Thread-4] DEBUG connectK.ConnectK - Player 1 [AverageAI]  returns move 7, 5.
2016-12-03 21:20:02 [Thread-4] DEBUG connectK.ConnectK - Player 2 [RNGAI]  says:
2016-12-03 21:20:06 [Thread-4] DEBUG connectK.ConnectK - Player 2 [RNGAI]  returns move 7, 3.
2016-12-03 21:20:06 [Thread-4] DEBUG connectK.ConnectK - Player 1 [AverageAI]  says:
2016-12-03 21:20:12 [Thread-4] DEBUG connectK.ConnectK - Player 1 [AverageAI]  returns move 8, 4.
2016-12-03 21:20:12 [Thread-4] DEBUG connectK.ConnectK - Player 2 [RNGAI]  says:
2016-12-03 21:20:13 [Thread-4] DEBUG connectK.ConnectK - Player 2 [RNGAI]  returns move 1, 3.
2016-12-03 21:20:13 [Thread-4] DEBUG connectK.ConnectK - Player 1 [AverageAI]  says:
2016-12-03 21:20:14 [Thread-4] DEBUG connectK.ConnectK - Player 1 [AverageAI]  returns move 1, 0.
2016-12-03 21:20:14 [Thread-4] DEBUG connectK.ConnectK - Player 2 [RNGAI]  says:
2016-12-03 21:20:14 [Thread-4] DEBUG connectK.ConnectK - Player 2 [RNGAI]  returns move 7, 4.
2016-12-03 21:20:14 [Thread-4] DEBUG connectK.ConnectK - Player 1 [AverageAI]  says:
2016-12-03 21:20:15 [Thread-4] DEBUG connectK.ConnectK - Player 1 [AverageAI]  returns move 0, 1.
2016-12-03 21:20:15 [Thread-4] DEBUG connectK.ConnectK - Player 2 [RNGAI]  says:
2016-12-03 21:20:15 [Thread-4] DEBUG connectK.ConnectK - Player 2 [RNGAI]  returns move 1, 5.
2016-12-03 21:20:15 [Thread-4] DEBUG connectK.ConnectK - Player 1 [AverageAI]  says:
2016-12-03 21:20:15 [Thread-4] DEBUG connectK.ConnectK - Player 1 [AverageAI]  returns move 0, 0.
2016-12-03 21:20:15 [Thread-4] DEBUG connectK.ConnectK - Player 2 [RNGAI]  says:
2016-12-03 21:20:15 [Thread-4] DEBUG connectK.ConnectK - Player 2 [RNGAI]  returns move 8, 3.
2016-12-03 21:20:15 [Thread-4] DEBUG connectK.ConnectK - Player 1 [AverageAI]  says:
2016-12-03 21:20:15 [Thread-4] DEBUG connectK.ConnectK - Player 1 [AverageAI]  returns move 8, 5.
2016-12-03 21:21:09 [Thread-4] DEBUG connectK.ConnectK - Player 1 [AverageAI]  says:
2016-12-03 21:21:09 [Thread-4] DEBUG connectK.ConnectK - Player 1 [AverageAI]  returns move 4, 3.
2016-12-03 21:21:09 [Thread-4] DEBUG connectK.ConnectK - Player 2 [RNGAI]  says:
2016-12-03 21:21:09 [Thread-4] DEBUG connectK.ConnectK - Player 2 [RNGAI]  returns move 5, 4.
2016-12-03 21:21:09 [Thread-4] DEBUG connectK.ConnectK - Player 1 [AverageAI]  says:
2016-12-03 21:21:14 [Thread-4] DEBUG connectK.ConnectK - Player 1 [AverageAI]  returns move 4, 4.
2016-12-03 21:21:14 [Thread-4] DEBUG connectK.ConnectK - Player 2 [RNGAI]  says:
2016-12-03 21:21:20 [Thread-4] DEBUG connectK.ConnectK - Player 2 [RNGAI]  returns move 4, 5.
2016-12-03 21:21:20 [Thread-4] DEBUG connectK.ConnectK - Player 1 [AverageAI]  says:
2016-12-03 21:21:26 [Thread-4] DEBUG connectK.ConnectK - Player 1 [AverageAI]  returns move 5, 3.
2016-12-03 21:21:26 [Thread-4] DEBUG connectK.ConnectK - Player 2 [RNGAI]  says:
2016-12-03 21:21:32 [Thread-4] DEBUG connectK.ConnectK - Player 2 [RNGAI]  returns move 6, 3.
2016-12-03 21:21:32 [Thread-4] DEBUG connectK.ConnectK - Player 1 [AverageAI]  says:
2016-12-03 21:21:38 [Thread-4] DEBUG connectK.ConnectK - Player 1 [AverageAI]  returns move 7, 2.
2016-12-03 21:21:38 [Thread-4] DEBUG connectK.ConnectK - Player 2 [RNGAI]  says:
2016-12-03 21:21:44 [Thread-4] DEBUG connectK.ConnectK - Player 2 [RNGAI]  returns move 3, 6.
2016-12-03 21:21:44 [Thread-4] DEBUG connectK.ConnectK - Player 1 [AverageAI]  says:
2016-12-03 21:21:50 [Thread-4] DEBUG connectK.ConnectK - Player 1 [AverageAI]  returns move 6, 2.
2016-12-03 21:21:50 [Thread-4] DEBUG connectK.ConnectK - Player 2 [RNGAI]  says:
2016-12-03 21:21:56 [Thread-4] DEBUG connectK.ConnectK - Player 2 [RNGAI]  returns move 3, 5.
2016-12-03 21:21:56 [Thread-4] DEBUG connectK.ConnectK - Player 1 [AverageAI]  says:
2016-12-03 21:22:02 [Thread-4] DEBUG connectK.ConnectK - Player 1 [AverageAI]  returns move 8, 0.
2016-12-03 21:22:02 [Thread-4] DEBUG connectK.ConnectK - Player 2 [RNGAI]  says:
2016-12-03 21:22:08 [Thread-4] DEBUG connectK.ConnectK - Player 2 [RNGAI]  returns move 7, 1.
2016-12-03 21:22:08 [Thread-4] DEBUG connectK.ConnectK - Player 1 [AverageAI]  says:
2016-12-03 21:22:13 [Thread-4] DEBUG connectK.ConnectK - Player 1 [AverageAI]  returns move 5, 2.
2016-12-03 21:22:13 [Thread-4] DEBUG connectK.ConnectK - Player 2 [RNGAI]  says:
2016-12-03 21:22:19 [Thread-4] DEBUG connectK.ConnectK - Player 2 [RNGAI]  returns move 4, 2.
2016-12-03 21:22:19 [Thread-4] DEBUG connectK.ConnectK - Player 1 [AverageAI]  says:
2016-12-03 21:22:25 [Thread-4] DEBUG connectK.ConnectK - Player 1 [AverageAI]  returns move 3, 4.
2016-12-03 21:22:25 [Thread-4] DEBUG connectK.ConnectK - Player 2 [RNGAI]  says:
2016-12-03 21:22:25 [Thread-4] DEBUG connectK.ConnectK - Player 2 [RNGAI]  returns move 6, 1.
2016-12-03 21:22:25 [Thread-4] DEBUG connectK.ConnectK - Player 1 [AverageAI]  says:
2016-12-03 21:22:31 [Thread-4] DEBUG connectK.ConnectK - Player 1 [AverageAI]  returns move 2, 5.
2016-12-03 21:22:31 [Thread-4] DEBUG connectK.ConnectK - Player 2 [RNGAI]  says:
2016-12-03 21:22:37 [Thread-4] DEBUG connectK.ConnectK - Player 2 [RNGAI]  returns move 1, 6.
2016-12-03 21:22:37 [Thread-4] DEBUG connectK.ConnectK - Player 1 [AverageAI]  says:
2016-12-03 21:22:43 [Thread-4] DEBUG connectK.ConnectK - Player 1 [AverageAI]  returns move 1, 5.
2016-12-03 21:22:43 [Thread-4] DEBUG connectK.ConnectK - Player 2 [RNGAI]  says:
2016-12-03 21:22:49 [Thread-4] DEBUG connectK.ConnectK - Player 2 [RNGAI]  returns move 2, 4.
2016-12-03 21:22:49 [Thread-4] DEBUG connectK.ConnectK - Player 1 [AverageAI]  says:
2016-12-03 21:22:55 [Thread-4] DEBUG connectK.ConnectK - Player 1 [AverageAI]  returns move 1, 4.
2016-12-03 21:22:55 [Thread-4] DEBUG connectK.ConnectK - Player 2 [RNGAI]  says:
2016-12-03 21:23:01 [Thread-4] DEBUG connectK.ConnectK - Player 2 [RNGAI]  returns move 5, 1.
2016-12-03 21:23:01 [Thread-4] DEBUG connectK.ConnectK - Player 1 [AverageAI]  says:
2016-12-03 21:23:07 [Thread-4] DEBUG connectK.ConnectK - Player 1 [AverageAI]  returns move 8, 1.
2016-12-03 21:23:07 [Thread-4] DEBUG connectK.ConnectK - Player 2 [RNGAI]  says:
2016-12-03 21:23:13 [Thread-4] DEBUG connectK.ConnectK - Player 2 [RNGAI]  returns move 4, 1.
2016-12-03 21:23:13 [Thread-4] DEBUG connectK.ConnectK - Player 1 [AverageAI]  says:
2016-12-03 21:23:18 [Thread-4] DEBUG connectK.ConnectK - Player 1 [AverageAI]  returns move 3, 1.
2016-12-03 21:23:18 [Thread-4] DEBUG connectK.ConnectK - Player 2 [RNGAI]  says:
2016-12-03 21:23:24 [Thread-4] DEBUG connectK.ConnectK - Player 2 [RNGAI]  returns move 6, 0.
2016-12-03 21:23:24 [Thread-4] DEBUG connectK.ConnectK - Player 1 [AverageAI]  says:
2016-12-03 21:23:30 [Thread-4] DEBUG connectK.ConnectK - Player 1 [AverageAI]  returns move 3, 3.
2016-12-03 21:23:30 [Thread-4] DEBUG connectK.ConnectK - Player 2 [RNGAI]  says:
2016-12-03 21:23:36 [Thread-4] DEBUG connectK.ConnectK - Player 2 [RNGAI]  returns move 1, 3.
2016-12-03 21:23:36 [Thread-4] DEBUG connectK.ConnectK - Player 1 [AverageAI]  says:
2016-12-03 21:23:42 [Thread-4] DEBUG connectK.ConnectK - Player 1 [AverageAI]  returns move 4, 6.
2016-12-03 21:23:42 [Thread-4] DEBUG connectK.ConnectK - Player 2 [RNGAI]  says:
2016-12-03 21:23:48 [Thread-4] DEBUG connectK.ConnectK - Player 2 [RNGAI]  returns move 2, 2.
2016-12-03 21:23:48 [Thread-4] DEBUG connectK.ConnectK - Player 1 [AverageAI]  says:
2016-12-03 21:23:54 [Thread-4] DEBUG connectK.ConnectK - Player 1 [AverageAI]  returns move 3, 0.
2016-12-03 21:23:54 [Thread-4] DEBUG connectK.ConnectK - Player 2 [RNGAI]  says:
2016-12-03 21:24:00 [Thread-4] DEBUG connectK.ConnectK - Player 2 [RNGAI]  returns move 3, 2.
2016-12-03 21:24:00 [Thread-4] DEBUG connectK.ConnectK - Player 1 [AverageAI]  says:
2016-12-03 21:24:06 [Thread-4] DEBUG connectK.ConnectK - Player 1 [AverageAI]  returns move 4, 0.
2016-12-03 21:24:06 [Thread-4] DEBUG connectK.ConnectK - Player 2 [RNGAI]  says:
2016-12-03 21:24:12 [Thread-4] DEBUG connectK.ConnectK - Player 2 [RNGAI]  returns move 0, 2.
2016-12-03 21:24:12 [Thread-4] DEBUG connectK.ConnectK - Player 1 [AverageAI]  says:
2016-12-03 21:24:18 [Thread-4] DEBUG connectK.ConnectK - Player 1 [AverageAI]  returns move 1, 2.
2016-12-03 21:24:18 [Thread-4] DEBUG connectK.ConnectK - Player 2 [RNGAI]  says:
2016-12-03 21:24:23 [Thread-4] DEBUG connectK.ConnectK - Player 2 [RNGAI]  returns move 0, 4.
2016-12-03 21:24:23 [Thread-4] DEBUG connectK.ConnectK - Player 1 [AverageAI]  says:
2016-12-03 21:24:29 [Thread-4] DEBUG connectK.ConnectK - Player 1 [AverageAI]  returns move 0, 3.
2016-12-03 21:24:29 [Thread-4] DEBUG connectK.ConnectK - Player 2 [RNGAI]  says:
2016-12-03 21:24:35 [Thread-4] DEBUG connectK.ConnectK - Player 2 [RNGAI]  returns move 5, 5.
2016-12-03 21:24:35 [Thread-4] DEBUG connectK.ConnectK - Player 1 [AverageAI]  says:
2016-12-03 21:24:41 [Thread-4] DEBUG connectK.ConnectK - Player 1 [AverageAI]  returns move 2, 0.
2016-12-03 21:24:41 [Thread-4] DEBUG connectK.ConnectK - Player 2 [RNGAI]  says:
2016-12-03 21:24:47 [Thread-4] DEBUG connectK.ConnectK - Player 2 [RNGAI]  returns move 1, 0.
2016-12-03 21:24:47 [Thread-4] DEBUG connectK.ConnectK - Player 1 [AverageAI]  says:
2016-12-03 21:24:53 [Thread-4] DEBUG connectK.ConnectK - Player 1 [AverageAI]  returns move 7, 5.
2016-12-03 21:24:53 [Thread-4] DEBUG connectK.ConnectK - Player 2 [RNGAI]  says:
2016-12-03 21:24:59 [Thread-4] DEBUG connectK.ConnectK - Player 2 [RNGAI]  returns move 8, 2.
2016-12-03 21:24:59 [Thread-4] DEBUG connectK.ConnectK - Player 1 [AverageAI]  says:
2016-12-03 21:25:05 [Thread-4] DEBUG connectK.ConnectK - Player 1 [AverageAI]  returns move 2, 1.
2016-12-03 21:25:05 [Thread-4] DEBUG connectK.ConnectK - Player 2 [RNGAI]  says:
2016-12-03 21:25:11 [Thread-4] DEBUG connectK.ConnectK - Player 2 [RNGAI]  returns move 1, 1.
2016-12-03 21:25:11 [Thread-4] DEBUG connectK.ConnectK - Player 1 [AverageAI]  says:
2016-12-03 21:25:17 [Thread-4] DEBUG connectK.ConnectK - Player 1 [AverageAI]  returns move 0, 0.
2016-12-03 21:25:17 [Thread-4] DEBUG connectK.ConnectK - Player 2 [RNGAI]  says:
2016-12-03 21:25:22 [Thread-4] DEBUG connectK.ConnectK - Player 2 [RNGAI]  returns move 5, 6.
2016-12-03 21:25:22 [Thread-4] DEBUG connectK.ConnectK - Player 1 [AverageAI]  says:
2016-12-03 21:25:28 [Thread-4] DEBUG connectK.ConnectK - Player 1 [AverageAI]  returns move 5, 0.
2016-12-03 21:25:28 [Thread-4] DEBUG connectK.ConnectK - Player 2 [RNGAI]  says:
2016-12-03 21:25:34 [Thread-4] DEBUG connectK.ConnectK - Player 2 [RNGAI]  returns move 6, 4.
2016-12-03 21:25:34 [Thread-4] DEBUG connectK.ConnectK - Player 1 [AverageAI]  says:
2016-12-03 21:25:40 [Thread-4] DEBUG connectK.ConnectK - Player 1 [AverageAI]  returns move 7, 3.
2016-12-03 21:25:40 [Thread-4] DEBUG connectK.ConnectK - Player 2 [RNGAI]  says:
2016-12-03 21:25:46 [Thread-4] DEBUG connectK.ConnectK - Player 2 [RNGAI]  returns move 6, 5.
2016-12-03 21:25:46 [Thread-4] DEBUG connectK.ConnectK - Player 1 [AverageAI]  says:
2016-12-03 21:25:52 [Thread-4] DEBUG connectK.ConnectK - Player 1 [AverageAI]  returns move 7, 4.
2016-12-03 21:25:52 [Thread-4] DEBUG connectK.ConnectK - Player 2 [RNGAI]  says:
2016-12-03 21:25:58 [Thread-4] DEBUG connectK.ConnectK - Player 2 [RNGAI]  returns move 7, 6.
2016-12-03 21:25:58 [Thread-4] DEBUG connectK.ConnectK - Player 1 [AverageAI]  says:
2016-12-03 21:26:04 [Thread-4] DEBUG connectK.ConnectK - Player 1 [AverageAI]  returns move 7, 0.
2016-12-03 21:26:04 [Thread-4] DEBUG connectK.ConnectK - Player 2 [RNGAI]  says:
2016-12-03 21:26:06 [Thread-4] DEBUG connectK.ConnectK - Player 2 [RNGAI]  returns move 2, 3.
2016-12-03 21:26:06 [Thread-4] DEBUG connectK.ConnectK - Player 1 [AverageAI]  says:
2016-12-03 21:26:12 [Thread-4] DEBUG connectK.ConnectK - Player 1 [AverageAI]  returns move 8, 4.
2016-12-03 21:26:12 [Thread-4] DEBUG connectK.ConnectK - Player 2 [RNGAI]  says:
2016-12-03 21:26:12 [Thread-4] DEBUG connectK.ConnectK - Player 2 [RNGAI]  returns move 6, 6.
2016-12-03 21:26:12 [Thread-4] DEBUG connectK.ConnectK - Player 1 [AverageAI]  says:
2016-12-03 21:26:14 [Thread-4] DEBUG connectK.ConnectK - Player 1 [AverageAI]  returns move 0, 5.
2016-12-03 21:26:14 [Thread-4] DEBUG connectK.ConnectK - Player 2 [RNGAI]  says:
2016-12-03 21:26:14 [Thread-4] DEBUG connectK.ConnectK - Player 2 [RNGAI]  returns move 2, 6.
2016-12-03 21:26:14 [Thread-4] DEBUG connectK.ConnectK - Player 1 [AverageAI]  says:
2016-12-03 21:26:14 [Thread-4] DEBUG connectK.ConnectK - Player 1 [AverageAI]  returns move 0, 1.
2016-12-03 21:26:14 [Thread-4] DEBUG connectK.ConnectK - Player 2 [RNGAI]  says:
2016-12-03 21:26:14 [Thread-4] DEBUG connectK.ConnectK - Player 2 [RNGAI]  returns move 8, 3.
2016-12-03 21:26:14 [Thread-4] DEBUG connectK.ConnectK - Player 1 [AverageAI]  says:
2016-12-03 21:26:15 [Thread-4] DEBUG connectK.ConnectK - Player 1 [AverageAI]  returns move 8, 6.
2016-12-03 21:26:15 [Thread-4] DEBUG connectK.ConnectK - Player 2 [RNGAI]  says:
2016-12-03 21:26:15 [Thread-4] DEBUG connectK.ConnectK - Player 2 [RNGAI]  returns move 8, 5.
2016-12-03 21:26:15 [Thread-4] DEBUG connectK.ConnectK - Player 1 [AverageAI]  says:
2016-12-03 21:26:15 [Thread-4] DEBUG connectK.ConnectK - Player 1 [AverageAI]  returns move 0, 6.
2016-12-03 21:31:41 [Thread-7] DEBUG connectK.ConnectK - Player 1 [RNGAI]  says:
2016-12-03 21:31:41 [Thread-7] DEBUG connectK.ConnectK - Player 1 [RNGAI]  returns move 4, 3.
2016-12-03 21:31:41 [Thread-7] DEBUG connectK.ConnectK - Player 2 [AverageAI]  says:
2016-12-03 21:31:41 [Thread-7] DEBUG connectK.ConnectK - Player 2 [AverageAI]  returns move 4, 4.
2016-12-03 21:31:41 [Thread-7] DEBUG connectK.ConnectK - Player 1 [RNGAI]  says:
2016-12-03 21:31:41 [Thread-7] DEBUG connectK.ConnectK - Player 1 [RNGAI]  returns move 5, 4.
2016-12-03 21:31:41 [Thread-7] DEBUG connectK.ConnectK - Player 2 [AverageAI]  says:
2016-12-03 21:31:47 [Thread-7] DEBUG connectK.ConnectK - Player 2 [AverageAI]  returns move 3, 2.
2016-12-03 21:31:47 [Thread-7] DEBUG connectK.ConnectK - Player 1 [RNGAI]  says:
2016-12-03 21:31:53 [Thread-7] DEBUG connectK.ConnectK - Player 1 [RNGAI]  returns move 5, 3.
2016-12-03 21:31:53 [Thread-7] DEBUG connectK.ConnectK - Player 2 [AverageAI]  says:
2016-12-03 21:31:59 [Thread-7] DEBUG connectK.ConnectK - Player 2 [AverageAI]  returns move 3, 3.
2016-12-03 21:31:59 [Thread-7] DEBUG connectK.ConnectK - Player 1 [RNGAI]  says:
2016-12-03 21:32:04 [Thread-7] DEBUG connectK.ConnectK - Player 1 [RNGAI]  returns move 4, 5.
2016-12-03 21:32:04 [Thread-7] DEBUG connectK.ConnectK - Player 2 [AverageAI]  says:
2016-12-03 21:32:10 [Thread-7] DEBUG connectK.ConnectK - Player 2 [AverageAI]  returns move 3, 4.
2016-12-03 21:32:10 [Thread-7] DEBUG connectK.ConnectK - Player 1 [RNGAI]  says:
2016-12-03 21:32:16 [Thread-7] DEBUG connectK.ConnectK - Player 1 [RNGAI]  returns move 3, 1.
2016-12-03 21:32:16 [Thread-7] DEBUG connectK.ConnectK - Player 2 [AverageAI]  says:
2016-12-03 21:32:22 [Thread-7] DEBUG connectK.ConnectK - Player 2 [AverageAI]  returns move 2, 2.
2016-12-03 21:32:22 [Thread-7] DEBUG connectK.ConnectK - Player 1 [RNGAI]  says:
2016-12-03 21:32:28 [Thread-7] DEBUG connectK.ConnectK - Player 1 [RNGAI]  returns move 5, 5.
2016-12-03 21:32:28 [Thread-7] DEBUG connectK.ConnectK - Player 2 [AverageAI]  says:
2016-12-03 21:32:34 [Thread-7] DEBUG connectK.ConnectK - Player 2 [AverageAI]  returns move 5, 2.
2016-12-03 21:32:34 [Thread-7] DEBUG connectK.ConnectK - Player 1 [RNGAI]  says:
2016-12-03 21:32:40 [Thread-7] DEBUG connectK.ConnectK - Player 1 [RNGAI]  returns move 4, 2.
2016-12-03 21:32:40 [Thread-7] DEBUG connectK.ConnectK - Player 2 [AverageAI]  says:
2016-12-03 21:32:46 [Thread-7] DEBUG connectK.ConnectK - Player 2 [AverageAI]  returns move 6, 4.
2016-12-03 21:32:46 [Thread-7] DEBUG connectK.ConnectK - Player 1 [RNGAI]  says:
2016-12-03 21:32:52 [Thread-7] DEBUG connectK.ConnectK - Player 1 [RNGAI]  returns move 3, 6.
2016-12-03 21:32:52 [Thread-7] DEBUG connectK.ConnectK - Player 2 [AverageAI]  says:
2016-12-03 21:32:58 [Thread-7] DEBUG connectK.ConnectK - Player 2 [AverageAI]  returns move 0, 0.
2016-12-03 21:32:58 [Thread-7] DEBUG connectK.ConnectK - Player 1 [RNGAI]  says:
2016-12-03 21:33:03 [Thread-7] DEBUG connectK.ConnectK - Player 1 [RNGAI]  returns move 1, 1.
2016-12-03 21:33:03 [Thread-7] DEBUG connectK.ConnectK - Player 2 [AverageAI]  says:
2016-12-03 21:33:09 [Thread-7] DEBUG connectK.ConnectK - Player 2 [AverageAI]  returns move 6, 5.
2016-12-03 21:33:09 [Thread-7] DEBUG connectK.ConnectK - Player 1 [RNGAI]  says:
2016-12-03 21:33:15 [Thread-7] DEBUG connectK.ConnectK - Player 1 [RNGAI]  returns move 6, 3.
2016-12-03 21:33:15 [Thread-7] DEBUG connectK.ConnectK - Player 2 [AverageAI]  says:
2016-12-03 21:33:21 [Thread-7] DEBUG connectK.ConnectK - Player 2 [AverageAI]  returns move 7, 2.
2016-12-03 21:33:21 [Thread-7] DEBUG connectK.ConnectK - Player 1 [RNGAI]  says:
2016-12-03 21:33:27 [Thread-7] DEBUG connectK.ConnectK - Player 1 [RNGAI]  returns move 7, 3.
2016-12-03 21:33:27 [Thread-7] DEBUG connectK.ConnectK - Player 2 [AverageAI]  says:
2016-12-03 21:33:33 [Thread-7] DEBUG connectK.ConnectK - Player 2 [AverageAI]  returns move 8, 3.
2016-12-03 21:33:33 [Thread-7] DEBUG connectK.ConnectK - Player 1 [RNGAI]  says:
2016-12-03 21:33:39 [Thread-7] DEBUG connectK.ConnectK - Player 1 [RNGAI]  returns move 4, 1.
2016-12-03 21:33:39 [Thread-7] DEBUG connectK.ConnectK - Player 2 [AverageAI]  says:
2016-12-03 21:33:45 [Thread-7] DEBUG connectK.ConnectK - Player 2 [AverageAI]  returns move 2, 1.
2016-12-03 21:33:45 [Thread-7] DEBUG connectK.ConnectK - Player 1 [RNGAI]  says:
2016-12-03 21:33:51 [Thread-7] DEBUG connectK.ConnectK - Player 1 [RNGAI]  returns move 3, 5.
2016-12-03 21:33:51 [Thread-7] DEBUG connectK.ConnectK - Player 2 [AverageAI]  says:
2016-12-03 21:33:57 [Thread-7] DEBUG connectK.ConnectK - Player 2 [AverageAI]  returns move 2, 4.
2016-12-03 21:33:57 [Thread-7] DEBUG connectK.ConnectK - Player 1 [RNGAI]  says:
2016-12-03 21:34:02 [Thread-7] DEBUG connectK.ConnectK - Player 1 [RNGAI]  returns move 2, 5.
2016-12-03 21:34:02 [Thread-7] DEBUG connectK.ConnectK - Player 2 [AverageAI]  says:
2016-12-03 21:34:08 [Thread-7] DEBUG connectK.ConnectK - Player 2 [AverageAI]  returns move 1, 5.
2016-12-03 21:34:08 [Thread-7] DEBUG connectK.ConnectK - Player 1 [RNGAI]  says:
2016-12-03 21:34:14 [Thread-7] DEBUG connectK.ConnectK - Player 1 [RNGAI]  returns move 4, 0.
2016-12-03 21:34:14 [Thread-7] DEBUG connectK.ConnectK - Player 2 [AverageAI]  says:
2016-12-03 21:34:20 [Thread-7] DEBUG connectK.ConnectK - Player 2 [AverageAI]  returns move 2, 3.
2016-12-03 21:34:20 [Thread-7] DEBUG connectK.ConnectK - Player 1 [RNGAI]  says:
2016-12-03 21:34:26 [Thread-7] DEBUG connectK.ConnectK - Player 1 [RNGAI]  returns move 2, 0.
2016-12-03 21:34:26 [Thread-7] DEBUG connectK.ConnectK - Player 2 [AverageAI]  says:
2016-12-03 21:34:32 [Thread-7] DEBUG connectK.ConnectK - Player 2 [AverageAI]  returns move 0, 4.
2016-12-03 21:34:32 [Thread-7] DEBUG connectK.ConnectK - Player 1 [RNGAI]  says:
2016-12-03 21:34:38 [Thread-7] DEBUG connectK.ConnectK - Player 1 [RNGAI]  returns move 1, 4.
2016-12-03 21:34:38 [Thread-7] DEBUG connectK.ConnectK - Player 2 [AverageAI]  says:
2016-12-03 21:34:44 [Thread-7] DEBUG connectK.ConnectK - Player 2 [AverageAI]  returns move 5, 1.
2016-12-03 21:34:44 [Thread-7] DEBUG connectK.ConnectK - Player 1 [RNGAI]  says:
2016-12-03 21:34:50 [Thread-7] DEBUG connectK.ConnectK - Player 1 [RNGAI]  returns move 1, 0.
2016-12-03 21:34:50 [Thread-7] DEBUG connectK.ConnectK - Player 2 [AverageAI]  says:
2016-12-03 21:34:56 [Thread-7] DEBUG connectK.ConnectK - Player 2 [AverageAI]  returns move 1, 3.
2016-12-03 21:34:56 [Thread-7] DEBUG connectK.ConnectK - Player 1 [RNGAI]  says:
2016-12-03 21:35:01 [Thread-7] DEBUG connectK.ConnectK - Player 1 [RNGAI]  returns move 5, 0.
2016-12-03 21:35:01 [Thread-7] DEBUG connectK.ConnectK - Player 2 [AverageAI]  says:
2016-12-03 21:35:07 [Thread-7] DEBUG connectK.ConnectK - Player 2 [AverageAI]  returns move 3, 0.
2016-12-03 21:35:07 [Thread-7] DEBUG connectK.ConnectK - Player 1 [RNGAI]  says:
2016-12-03 21:35:13 [Thread-7] DEBUG connectK.ConnectK - Player 1 [RNGAI]  returns move 5, 6.
2016-12-03 21:35:13 [Thread-7] DEBUG connectK.ConnectK - Player 2 [AverageAI]  says:
2016-12-03 21:35:19 [Thread-7] DEBUG connectK.ConnectK - Player 2 [AverageAI]  returns move 4, 6.
2016-12-03 21:35:19 [Thread-7] DEBUG connectK.ConnectK - Player 1 [RNGAI]  says:
2016-12-03 21:35:25 [Thread-7] DEBUG connectK.ConnectK - Player 1 [RNGAI]  returns move 0, 3.
2016-12-03 21:35:25 [Thread-7] DEBUG connectK.ConnectK - Player 2 [AverageAI]  says:
2016-12-03 21:35:31 [Thread-7] DEBUG connectK.ConnectK - Player 2 [AverageAI]  returns move 6, 0.
2016-12-03 21:35:31 [Thread-7] DEBUG connectK.ConnectK - Player 1 [RNGAI]  says:
2016-12-03 21:35:37 [Thread-7] DEBUG connectK.ConnectK - Player 1 [RNGAI]  returns move 0, 6.
2016-12-03 21:35:37 [Thread-7] DEBUG connectK.ConnectK - Player 2 [AverageAI]  says:
2016-12-03 21:47:55 [Thread-4] DEBUG connectK.ConnectK - Player 1 [RNGAI]  says:
2016-12-03 21:47:55 [Thread-4] DEBUG connectK.ConnectK - Player 1 [RNGAI]  returns move 4, 4.
2016-12-03 21:47:55 [Thread-4] DEBUG connectK.ConnectK - Player 2 [AverageAI]  says:
2016-12-03 21:47:55 [Thread-4] DEBUG connectK.ConnectK - Player 2 [AverageAI]  returns move 4, 5.
2016-12-03 21:47:55 [Thread-4] DEBUG connectK.ConnectK - Player 1 [RNGAI]  says:
2016-12-03 21:47:55 [Thread-4] DEBUG connectK.ConnectK - Player 1 [RNGAI]  returns move 5, 5.
2016-12-03 21:47:55 [Thread-4] DEBUG connectK.ConnectK - Player 2 [AverageAI]  says:
2016-12-03 21:48:01 [Thread-4] DEBUG connectK.ConnectK - Player 2 [AverageAI]  returns move 6, 6.
2016-12-03 21:48:01 [Thread-4] DEBUG connectK.ConnectK - Player 1 [RNGAI]  says:
2016-12-03 21:48:01 [Thread-4] DEBUG connectK.ConnectK - Player 1 [RNGAI]  returns move 3, 3.
2016-12-03 21:48:01 [Thread-4] DEBUG connectK.ConnectK - Player 2 [AverageAI]  says:
2016-12-03 21:48:07 [Thread-4] DEBUG connectK.ConnectK - Player 2 [AverageAI]  returns move 2, 5.
2016-12-03 21:48:07 [Thread-4] DEBUG connectK.ConnectK - Player 1 [RNGAI]  says:
2016-12-03 21:48:07 [Thread-4] DEBUG connectK.ConnectK - Player 1 [RNGAI]  returns move 2, 2.
2016-12-03 21:48:07 [Thread-4] DEBUG connectK.ConnectK - Player 2 [AverageAI]  says:
2016-12-03 21:48:13 [Thread-4] DEBUG connectK.ConnectK - Player 2 [AverageAI]  returns move 1, 1.
2016-12-03 21:48:13 [Thread-4] DEBUG connectK.ConnectK - Player 1 [RNGAI]  says:
2016-12-03 21:48:18 [Thread-4] DEBUG connectK.ConnectK - Player 1 [RNGAI]  returns move 5, 3.
2016-12-03 21:48:18 [Thread-4] DEBUG connectK.ConnectK - Player 2 [AverageAI]  says:
2016-12-03 21:48:24 [Thread-4] DEBUG connectK.ConnectK - Player 2 [AverageAI]  returns move 5, 4.
2016-12-03 21:48:24 [Thread-4] DEBUG connectK.ConnectK - Player 1 [RNGAI]  says:
2016-12-03 21:48:30 [Thread-4] DEBUG connectK.ConnectK - Player 1 [RNGAI]  returns move 6, 4.
2016-12-03 21:48:30 [Thread-4] DEBUG connectK.ConnectK - Player 2 [AverageAI]  says:
2016-12-03 21:48:36 [Thread-4] DEBUG connectK.ConnectK - Player 2 [AverageAI]  returns move 6, 3.
2016-12-03 21:48:36 [Thread-4] DEBUG connectK.ConnectK - Player 1 [RNGAI]  says:
2016-12-03 21:48:42 [Thread-4] DEBUG connectK.ConnectK - Player 1 [RNGAI]  returns move 3, 6.
2016-12-03 21:48:42 [Thread-4] DEBUG connectK.ConnectK - Player 2 [AverageAI]  says:
2016-12-03 21:48:48 [Thread-4] DEBUG connectK.ConnectK - Player 2 [AverageAI]  returns move 8, 1.
2016-12-03 21:48:48 [Thread-4] DEBUG connectK.ConnectK - Player 1 [RNGAI]  says:
2016-12-03 21:48:54 [Thread-4] DEBUG connectK.ConnectK - Player 1 [RNGAI]  returns move 7, 2.
2016-12-03 21:48:54 [Thread-4] DEBUG connectK.ConnectK - Player 2 [AverageAI]  says:
2016-12-03 21:49:00 [Thread-4] DEBUG connectK.ConnectK - Player 2 [AverageAI]  returns move 4, 6.
2016-12-03 21:49:00 [Thread-4] DEBUG connectK.ConnectK - Player 1 [RNGAI]  says:
2016-12-03 21:49:01 [Thread-4] DEBUG connectK.ConnectK - Player 1 [RNGAI]  returns move 3, 5.
2016-12-03 21:49:01 [Thread-4] DEBUG connectK.ConnectK - Player 2 [AverageAI]  says:
2016-12-03 21:49:07 [Thread-4] DEBUG connectK.ConnectK - Player 2 [AverageAI]  returns move 7, 1.
2016-12-03 21:49:07 [Thread-4] DEBUG connectK.ConnectK - Player 1 [RNGAI]  says:
2016-12-03 21:49:07 [Thread-4] DEBUG connectK.ConnectK - Player 1 [RNGAI]  returns move 3, 4.
2016-12-03 21:49:07 [Thread-4] DEBUG connectK.ConnectK - Player 2 [AverageAI]  says:
2016-12-03 21:49:07 [Thread-4] DEBUG connectK.ConnectK - Player 2 [AverageAI]  returns move 3, 7.
2016-12-03 21:49:07 [Thread-4] DEBUG connectK.ConnectK - Player 1 [RNGAI]  says:
2016-12-03 21:49:07 [Thread-4] DEBUG connectK.ConnectK - Player 1 [RNGAI]  returns move 3, 2.
2016-12-03 21:49:07 [Thread-4] DEBUG connectK.ConnectK - Player 1 [RNGAI]  (RNGAI) wins!
2016-12-03 21:55:59 [Thread-24] DEBUG connectK.ConnectK - Player 1 [RNGAI]  says:
2016-12-03 21:55:59 [Thread-24] DEBUG connectK.ConnectK - Player 1 [RNGAI]  returns move 3, 3.
2016-12-03 21:55:59 [Thread-24] DEBUG connectK.ConnectK - Player 2 [AverageAI]  says:
2016-12-03 21:56:05 [Thread-24] DEBUG connectK.ConnectK - Player 2 [AverageAI]  returns move 3, 5.
2016-12-03 21:56:05 [Thread-24] DEBUG connectK.ConnectK - Player 1 [RNGAI]  says:
2016-12-03 21:56:11 [Thread-24] DEBUG connectK.ConnectK - Player 1 [RNGAI]  returns move 3, 5.
2016-12-03 21:56:11 [Thread-24] DEBUG connectK.ConnectK - Player 2 [AverageAI]  says:
2016-12-03 21:56:17 [Thread-24] DEBUG connectK.ConnectK - Player 2 [AverageAI]  returns move 3, 5.
2016-12-03 21:56:17 [Thread-24] DEBUG connectK.ConnectK - Player 1 [RNGAI]  says:
2016-12-03 21:56:23 [Thread-24] DEBUG connectK.ConnectK - Player 1 [RNGAI]  returns move 2, 5.
2016-12-03 21:56:23 [Thread-24] DEBUG connectK.ConnectK - Player 2 [AverageAI]  says:
2016-12-03 21:56:28 [Thread-24] DEBUG connectK.ConnectK - Player 2 [AverageAI]  returns move 1, 5.
2016-12-03 21:56:28 [Thread-24] DEBUG connectK.ConnectK - Player 1 [RNGAI]  says:
2016-12-03 21:56:34 [Thread-24] DEBUG connectK.ConnectK - Player 1 [RNGAI]  returns move 5, 5.
2016-12-03 21:56:34 [Thread-24] DEBUG connectK.ConnectK - Player 2 [AverageAI]  says:
2016-12-03 21:56:40 [Thread-24] DEBUG connectK.ConnectK - Player 2 [AverageAI]  returns move 5, 5.
2016-12-03 21:56:40 [Thread-24] DEBUG connectK.ConnectK - Player 1 [RNGAI]  says:
2016-12-03 21:56:40 [Thread-24] DEBUG connectK.ConnectK - Player 1 [RNGAI]  returns move 4, 5.
2016-12-03 21:56:40 [Thread-24] DEBUG connectK.ConnectK - Player 1 [RNGAI]  (RNGAI) wins!
